[debug] [2023-02-26T22:25:55.184Z] ----------------------------------------------------------------------
[debug] [2023-02-26T22:25:55.185Z] Command:       C:\Program Files\nodejs\node.exe C:\Users\rgagn\AppData\Roaming\npm\node_modules\firebase-tools\lib\bin\firebase.js init
[debug] [2023-02-26T22:25:55.186Z] CLI Version:   11.24.0
[debug] [2023-02-26T22:25:55.186Z] Platform:      win32
[debug] [2023-02-26T22:25:55.186Z] Node Version:  v17.6.0
[debug] [2023-02-26T22:25:55.187Z] Time:          Sun Feb 26 2023 17:25:55 GMT-0500 (Eastern Standard Time)
[debug] [2023-02-26T22:25:55.187Z] ----------------------------------------------------------------------
[debug] 
[debug] [2023-02-26T22:25:55.194Z] > command requires scopes: ["email","openid","https://www.googleapis.com/auth/cloudplatformprojects.readonly","https://www.googleapis.com/auth/firebase","https://www.googleapis.com/auth/cloud-platform"]
[debug] [2023-02-26T22:25:55.194Z] > authorizing via signed-in user (rgagnier06@gmail.com)
[info] 
     ######## #### ########  ######## ########     ###     ######  ########
     ##        ##  ##     ## ##       ##     ##  ##   ##  ##       ##
     ######    ##  ########  ######   ########  #########  ######  ######
     ##        ##  ##    ##  ##       ##     ## ##     ##       ## ##
     ##       #### ##     ## ######## ########  ##     ##  ######  ########

You're about to initialize a Firebase project in this directory:

  C:\Users\rgagn\OneDrive\Documents\VueApps\bootstrap-vue-argon-dashboard-master

[info] 
=== Project Setup
[info] 
[info] First, let's associate this project directory with a Firebase project.
[info] You can create multiple project aliases by running firebase use --add, 
[info] but for now we'll just set up a default project.
[info] 
[debug] [2023-02-26T22:26:05.961Z] >>> [apiv2][query] GET https://firebase.googleapis.com/v1beta1/projects pageSize=100
[debug] [2023-02-26T22:26:06.541Z] <<< [apiv2][status] GET https://firebase.googleapis.com/v1beta1/projects 200
[debug] [2023-02-26T22:26:06.541Z] <<< [apiv2][body] GET https://firebase.googleapis.com/v1beta1/projects [omitted]
[info] i  Using project eqraidprofiler (EQ Raid Profiler) 
[info] 
=== Database Setup
[info] i  database: ensuring required API firebasedatabase.googleapis.com is enabled... 
[debug] [2023-02-26T22:26:07.382Z] >>> [apiv2][query] GET https://serviceusage.googleapis.com/v1/projects/eqraidprofiler/services/firebasedatabase.googleapis.com [none]
[debug] [2023-02-26T22:26:07.382Z] >>> [apiv2][(partial)header] GET https://serviceusage.googleapis.com/v1/projects/eqraidprofiler/services/firebasedatabase.googleapis.com x-goog-quota-user=projects/eqraidprofiler
[debug] [2023-02-26T22:26:07.821Z] <<< [apiv2][status] GET https://serviceusage.googleapis.com/v1/projects/eqraidprofiler/services/firebasedatabase.googleapis.com 200
[debug] [2023-02-26T22:26:07.821Z] <<< [apiv2][body] GET https://serviceusage.googleapis.com/v1/projects/eqraidprofiler/services/firebasedatabase.googleapis.com [omitted]
[info] +  database: required API firebasedatabase.googleapis.com is enabled 
[info] 
[debug] [2023-02-26T22:26:07.822Z] >>> [apiv2][query] GET https://firebasedatabase.googleapis.com/v1beta/projects/eqraidprofiler/locations/-/instances/eqraidprofiler-default-rtdb [none]
[debug] [2023-02-26T22:26:08.167Z] <<< [apiv2][status] GET https://firebasedatabase.googleapis.com/v1beta/projects/eqraidprofiler/locations/-/instances/eqraidprofiler-default-rtdb 200
[debug] [2023-02-26T22:26:08.167Z] <<< [apiv2][body] GET https://firebasedatabase.googleapis.com/v1beta/projects/eqraidprofiler/locations/-/instances/eqraidprofiler-default-rtdb {"name":"projects/164160804133/locations/us-central1/instances/eqraidprofiler-default-rtdb","project":"projects/164160804133","databaseUrl":"https://eqraidprofiler-default-rtdb.firebaseio.com","type":"DEFAULT_DATABASE","state":"ACTIVE"}
[info] 
[info] Firebase Realtime Database Security Rules allow you to define how your data should be
[info] structured and when your data can be read from and written to.
[info] 
[debug] [2023-02-26T22:26:16.054Z] >>> [apiv2][query] GET https://eqraidprofiler-default-rtdb.firebaseio.com/.settings/rules.json [none]
[debug] [2023-02-26T22:26:16.213Z] <<< [apiv2][status] GET https://eqraidprofiler-default-rtdb.firebaseio.com/.settings/rules.json 200
[debug] [2023-02-26T22:26:16.213Z] <<< [apiv2][body] GET https://eqraidprofiler-default-rtdb.firebaseio.com/.settings/rules.json [stream]
[info] +  Database Rules for eqraidprofiler-default-rtdb have been written to database.rules.json. 
[info] Future modifications to database.rules.json will update Realtime Database Security Rules when you run
[info] firebase deploy.
[info] 
=== Firestore Setup
[debug] [2023-02-26T22:26:16.216Z] >>> [apiv2][query] GET https://serviceusage.googleapis.com/v1/projects/eqraidprofiler/services/firestore.googleapis.com [none]
[debug] [2023-02-26T22:26:16.216Z] >>> [apiv2][(partial)header] GET https://serviceusage.googleapis.com/v1/projects/eqraidprofiler/services/firestore.googleapis.com x-goog-quota-user=projects/eqraidprofiler
[debug] [2023-02-26T22:26:16.625Z] <<< [apiv2][status] GET https://serviceusage.googleapis.com/v1/projects/eqraidprofiler/services/firestore.googleapis.com 200
[debug] [2023-02-26T22:26:16.625Z] <<< [apiv2][body] GET https://serviceusage.googleapis.com/v1/projects/eqraidprofiler/services/firestore.googleapis.com [omitted]
[debug] [2023-02-26T22:26:16.625Z] >>> [apiv2][query] GET https://firestore.googleapis.com/v1/projects/eqraidprofiler/databases/(default) [none]
[debug] [2023-02-26T22:26:17.001Z] <<< [apiv2][status] GET https://firestore.googleapis.com/v1/projects/eqraidprofiler/databases/(default) 200
[debug] [2023-02-26T22:26:17.001Z] <<< [apiv2][body] GET https://firestore.googleapis.com/v1/projects/eqraidprofiler/databases/(default) {"name":"projects/eqraidprofiler/databases/(default)","uid":"25d8951c-825f-47d1-9364-49f9fbd9c9fb","createTime":"2023-02-26T22:25:42.503266Z","updateTime":"2023-02-26T22:25:42.503266Z","locationId":"nam5","type":"FIRESTORE_NATIVE","concurrencyMode":"PESSIMISTIC","appEngineIntegrationMode":"DISABLED","keyPrefix":"s","etag":"IKS8us+dtP0CMOKmrL6dtP0C"}
[debug] [2023-02-26T22:26:17.001Z] database_type: FIRESTORE_NATIVE
[debug] [2023-02-26T22:26:17.001Z] > command requires scopes: ["email","openid","https://www.googleapis.com/auth/cloudplatformprojects.readonly","https://www.googleapis.com/auth/firebase","https://www.googleapis.com/auth/cloud-platform"]
[debug] [2023-02-26T22:26:17.002Z] > authorizing via signed-in user (rgagnier06@gmail.com)
[debug] [2023-02-26T22:26:17.002Z] [iam] checking project eqraidprofiler for permissions ["firebase.projects.get"]
[debug] [2023-02-26T22:26:17.002Z] >>> [apiv2][query] POST https://cloudresourcemanager.googleapis.com/v1/projects/eqraidprofiler:testIamPermissions [none]
[debug] [2023-02-26T22:26:17.002Z] >>> [apiv2][(partial)header] POST https://cloudresourcemanager.googleapis.com/v1/projects/eqraidprofiler:testIamPermissions x-goog-quota-user=projects/eqraidprofiler
[debug] [2023-02-26T22:26:17.002Z] >>> [apiv2][body] POST https://cloudresourcemanager.googleapis.com/v1/projects/eqraidprofiler:testIamPermissions {"permissions":["firebase.projects.get"]}
[debug] [2023-02-26T22:26:17.183Z] <<< [apiv2][status] POST https://cloudresourcemanager.googleapis.com/v1/projects/eqraidprofiler:testIamPermissions 200
[debug] [2023-02-26T22:26:17.183Z] <<< [apiv2][body] POST https://cloudresourcemanager.googleapis.com/v1/projects/eqraidprofiler:testIamPermissions {"permissions":["firebase.projects.get"]}
[info] 
[info] Firestore Security Rules allow you to define how and when to allow
[info] requests. You can keep these rules in your project directory
[info] and publish them with firebase deploy.
[info] 
[debug] [2023-02-26T22:26:21.022Z] >>> [apiv2][query] GET https://firebaserules.googleapis.com/v1/projects/eqraidprofiler/releases pageSize=10&pageToken=
[debug] [2023-02-26T22:26:21.237Z] <<< [apiv2][status] GET https://firebaserules.googleapis.com/v1/projects/eqraidprofiler/releases 200
[debug] [2023-02-26T22:26:21.237Z] <<< [apiv2][body] GET https://firebaserules.googleapis.com/v1/projects/eqraidprofiler/releases {"releases":[{"name":"projects/eqraidprofiler/releases/cloud.firestore","rulesetName":"projects/eqraidprofiler/rulesets/99618d48-22ce-46b3-bdaa-607b8e8fae92","createTime":"2023-02-26T22:25:44.100936Z","updateTime":"2023-02-26T22:25:44.100936Z"}]}
[debug] [2023-02-26T22:26:21.237Z] Found ruleset: projects/eqraidprofiler/rulesets/99618d48-22ce-46b3-bdaa-607b8e8fae92
[debug] [2023-02-26T22:26:21.237Z] >>> [apiv2][query] GET https://firebaserules.googleapis.com/v1/projects/eqraidprofiler/rulesets/99618d48-22ce-46b3-bdaa-607b8e8fae92 [none]
[debug] [2023-02-26T22:26:21.433Z] <<< [apiv2][status] GET https://firebaserules.googleapis.com/v1/projects/eqraidprofiler/rulesets/99618d48-22ce-46b3-bdaa-607b8e8fae92 200
[debug] [2023-02-26T22:26:21.433Z] <<< [apiv2][body] GET https://firebaserules.googleapis.com/v1/projects/eqraidprofiler/rulesets/99618d48-22ce-46b3-bdaa-607b8e8fae92 [omitted]
[info] 
[info] Firestore indexes allow you to perform complex queries while
[info] maintaining performance that scales with the size of the result
[info] set. You can keep index definitions in your project directory
[info] and publish them with firebase deploy.
[info] 
[debug] [2023-02-26T22:26:24.246Z] >>> [apiv2][query] GET https://firestore.googleapis.com/v1/projects/eqraidprofiler/databases/(default)/collectionGroups/-/indexes [none]
[debug] [2023-02-26T22:26:24.249Z] >>> [apiv2][query] GET https://firestore.googleapis.com/v1/projects/eqraidprofiler/databases/(default)/collectionGroups/-/fields?filter=indexConfig.usesAncestorConfig=false OR ttlConfig:* [none]
[debug] [2023-02-26T22:26:24.555Z] <<< [apiv2][status] GET https://firestore.googleapis.com/v1/projects/eqraidprofiler/databases/(default)/collectionGroups/-/indexes 200
[debug] [2023-02-26T22:26:24.555Z] <<< [apiv2][body] GET https://firestore.googleapis.com/v1/projects/eqraidprofiler/databases/(default)/collectionGroups/-/indexes {}
[debug] [2023-02-26T22:26:25.214Z] <<< [apiv2][status] GET https://firestore.googleapis.com/v1/projects/eqraidprofiler/databases/(default)/collectionGroups/-/fields?filter=indexConfig.usesAncestorConfig=false OR ttlConfig:* 200
[debug] [2023-02-26T22:26:25.214Z] <<< [apiv2][body] GET https://firestore.googleapis.com/v1/projects/eqraidprofiler/databases/(default)/collectionGroups/-/fields?filter=indexConfig.usesAncestorConfig=false OR ttlConfig:* {"fields":[{"name":"projects/eqraidprofiler/databases/(default)/collectionGroups/__default__/fields/*","indexConfig":{"indexes":[{"queryScope":"COLLECTION","fields":[{"fieldPath":"*","order":"ASCENDING"}],"state":"READY"},{"queryScope":"COLLECTION","fields":[{"fieldPath":"*","order":"DESCENDING"}],"state":"READY"},{"queryScope":"COLLECTION","fields":[{"fieldPath":"*","arrayConfig":"CONTAINS"}],"state":"READY"}]}}]}
[info] 
=== Hosting Setup
[info] 
[info] Your public directory is the folder (relative to your project directory) that
[info] will contain Hosting assets to be uploaded with firebase deploy. If you
[info] have a build process for your assets, use your build's output directory.
[info] 
